PHPSESSID=233d7d2f010c4e0b106736624e2c80f2cffc2daa551e987fa9e90cf506b45061;
[main bce18be] 自动更新课表
 4 files changed, 3 insertions(+), 3 deletions(-)
 create mode 100644 "\346\233\264\346\226\260\350\257\276\350\241\250.log"
 delete mode 100644 "\351\217\207\345\255\230\346\237\212\347\222\207\346\215\220\343\200\203.log"
PHPSESSID=82e1869604bf922bc2eca4561fb32fdd3b67a63f0aa84328afecaf8ac8f4ed8e;
[main 74a1b51] 自动更新课表
 2 files changed, 6 insertions(+), 1 deletion(-)
PHPSESSID=15b3137708d8c8ee7aef1dbfd00c7481e4a198f3d3fddaf5e64157f7e6025920;
[main f55e0a5] 自动更新课表
 3 files changed, 5 insertions(+), 1 deletion(-)
PHPSESSID=09dca38446cd283a39269730de371b894d96a9a0a13f7e03119435ce6acd8ee7;
[main e164001] 自动更新课表
 1 file changed, 1 insertion(+), 1 deletion(-)
PHPSESSID=cb1b71f9cf8a9928745671c2f60976a8ad5e1ecc073c2f8adffb6d35c0f01a00;
[main 5509dc8] 自动更新课表
 1 file changed, 1 insertion(+), 1 deletion(-)
PHPSESSID=72d3f4bb15c3f68b12c0abebf65479a28ad0818bcdafdecfeb7fcf47f702a59b;
[main d0541f9] 自动更新课表
 1 file changed, 1 insertion(+), 1 deletion(-)
PHPSESSID=4802e22c34beba2cc27c32756c4a19cbcd540374d5aa98122076b400fcc118a2;
[main 8aff51c] 自动更新课表
 1 file changed, 1 insertion(+), 1 deletion(-)
PHPSESSID=177b6149ae34aa86894d28afc5d4140413c20d013e3aab76fb36ca9dfd84bcab;
[main 37119f8] 自动更新课表
 1 file changed, 1 insertion(+), 1 deletion(-)
PHPSESSID=173c1e9643deb9bb61f54a4ae0a174e1b091e2409fb4a25242ec140037cbf7df;
[main 0476231] 自动更新课表
 1 file changed, 1 insertion(+), 1 deletion(-)
PHPSESSID=691c91330c347fe1b93757c04b50437cdcc422aadecc668030c1cf30ca7e1f51;
[main 91525d7] 自动更新课表
 1 file changed, 1 insertion(+), 1 deletion(-)
PHPSESSID=45fbf1399aacf9570cc2f287ecd8bbc3753a15cb653fd59fbda16f436618ec0c;
[main 76ba3b3] 自动更新课表
 1 file changed, 1 insertion(+), 1 deletion(-)
PHPSESSID=3989833278596b1ea3f32b9368bb729400feafc57279a8ae67b01227e9400f5d;
[main 2dd250d] 自动更新课表
 1 file changed, 1 insertion(+), 1 deletion(-)
PHPSESSID=8fac5373dc4e5605c1a613b0325b69c7bf30ad8ff78c196119050ef07cab2dec;
[main 83abc7f] 自动更新课表
 1 file changed, 1 insertion(+), 1 deletion(-)
PHPSESSID=733a0f7435dbb5f0765f880c6141d7309bcfd3a67e2158526240f4a9a813a80c;
[main 35dd836] 自动更新课表
 1 file changed, 1 insertion(+), 1 deletion(-)
PHPSESSID=f8a42b6e0c3bc9bee0139e23ddb564150d123efda0a3e6c5a7ea1fc66612a42b;
[main 7cc9161] 自动更新课表
 1 file changed, 1 insertion(+), 1 deletion(-)
PHPSESSID=3d009149f7c466b819f479202ab3fa036b11c12988a8d13cc70aba27a93d9736;
[main b096d10] 自动更新课表
 1 file changed, 1 insertion(+), 1 deletion(-)
PHPSESSID=dba22afe52f8631d777b6b82bf9a96e81fb4d802aff1a8122de6570b500ac3b5;
[main bcbfb2b] 自动更新课表
 1 file changed, 1 insertion(+), 1 deletion(-)
PHPSESSID=ba93ce5dd16d4d130d5912b1991cef09c565ad458c4b594bfa86b56828a5da8c;
[main 9ea0701] 自动更新课表
 1 file changed, 1 insertion(+), 1 deletion(-)
PHPSESSID=2dd95600cef468b580bf2393404f9a604bdfc98bb05f0640ecefa5b0ddcafc75;
[main a628912] 自动更新课表
 1 file changed, 1 insertion(+), 1 deletion(-)
PHPSESSID=a38786e574a0bb26031ae4cb9285fbaefdf811fc4d99e8517685ad193aba76ef;
[main e8474ab] 自动更新课表
 1 file changed, 1 insertion(+), 1 deletion(-)
PHPSESSID=83872cb1d455952bca78f4bcf3c8ca3571e234ca1185b6d909d9a1c5adbb9179;
[main 2c71925] 自动更新课表
 2 files changed, 2 insertions(+), 2 deletions(-)
PHPSESSID=b03784f89e3a8a71ac99474ae7d97c70d419566d2df173d9c7867182ae526f59;
[main 85897c9] 自动更新课表
 1 file changed, 1 insertion(+), 1 deletion(-)
PHPSESSID=34d28c58744a706a188f91ba434c7c2264af61d1aee92f31c3a0904e9c9335e7;
[main 8a15454] 自动更新课表
 1 file changed, 1 insertion(+), 1 deletion(-)
PHPSESSID=cfbffc3b921cde65b32d8a5abaa079d381ff07100e845246acabd8d4e761b4a9;
[main e13fe08] 自动更新课表
 1 file changed, 1 insertion(+), 1 deletion(-)
PHPSESSID=c2660f2cfd15c83791253bfc5ad72b62cba9a6d989633f808d59e9880cf2a86c;
[main f1c77bd] 自动更新课表
 1 file changed, 1 insertion(+), 1 deletion(-)
PHPSESSID=68591eeeb28eaed2271495e42718411fae80ee6aee9cadb9a89020f994dff66a;
[main fe302db] 自动更新课表
 1 file changed, 1 insertion(+), 1 deletion(-)
PHPSESSID=a2adc5d448cb66ef0cff21d3bc64a34956034b199c99a5860934491891c6418d;
[main 74abe46] 自动更新课表
 1 file changed, 1 insertion(+), 1 deletion(-)
PHPSESSID=9edd171cc7d4b11ca6c5fe701ab67a3e9d96a28a22a7f95457443cfa908d40fa;
[main 1ceb29d] 自动更新课表
 1 file changed, 1 insertion(+), 1 deletion(-)
PHPSESSID=3be1e4437668c21dfa9cc369f6c44e676cf7e4bb2c6fcc1c913ec82c0d21b33d;
[main 0a9d9f6] 自动更新课表
 1 file changed, 1 insertion(+), 1 deletion(-)
PHPSESSID=66dfaf56b3a6d9305ddf59e318853fb0addabc457893b83818ab0fdf776e8dea;
[main 10e265b] 自动更新课表
 1 file changed, 1 insertion(+), 1 deletion(-)
PHPSESSID=b648d6c07de916a1c531c8aa55ce0af20060b131e45ef53582b1688b4d53ee4d;
[main 5f20704] 自动更新课表
 1 file changed, 1 insertion(+), 1 deletion(-)
PHPSESSID=451bac50c6876430cadd1f1a3dfc25cdaadf6a53a0a88c6b939c748ca3c12393;
[main 69cafe4] 自动更新课表
 1 file changed, 1 insertion(+), 1 deletion(-)
PHPSESSID=83096127ebb3fc195b0f2c7a639822256996002d8ee5f24d8c5bd05c50ccebe0;
[main 6b97fdb] 自动更新课表
 1 file changed, 1 insertion(+), 1 deletion(-)
PHPSESSID=d555503fb7ac04e0745baeeb69523379df602c6185cf393b9ec43aabe821f5b8;
[main a497da6] 自动更新课表
 1 file changed, 1 insertion(+), 1 deletion(-)
PHPSESSID=954526d2c9f794ab61a8a475aa04cbe3d7a1cfd90b42a7525b029003626a36e3;
[main 10ed6d3] 自动更新课表
 1 file changed, 1 insertion(+), 1 deletion(-)
PHPSESSID=2fac10fe4a048002d70b7f1ab1c82d5c3a90fe25ba7e021a1135bdcd5a2471c6;
[main 813c6b6] 自动更新课表
 1 file changed, 1 insertion(+), 1 deletion(-)
PHPSESSID=8841d844ec60fe5f8078e678ee0535b656b0e04ecb0ee5ff7d1106f9a701d85b;
[main 70fe1c9] 自动更新课表
 1 file changed, 1 insertion(+), 1 deletion(-)
PHPSESSID=4125120bfe17fbf2e74ae6d24fb7c582f72625e72a0afae9377bce687f450a83;
[main 6806b50] 自动更新课表
 1 file changed, 1 insertion(+), 1 deletion(-)
PHPSESSID=6a825771f04ae3dafd8152e67358117adef4a6f8807ecfe06196373d6545b0da;
[main 06ceaaf] 自动更新课表
 1 file changed, 1 insertion(+), 1 deletion(-)
PHPSESSID=ef9c67068ed31478f5d35ee7a6c1a3a67c0b1e22b899356e7a7513b3486430f9;
[main 4c71391] 自动更新课表
 1 file changed, 1 insertion(+), 1 deletion(-)
PHPSESSID=3637f74a4ecf0123857cd0a9f90754fd5ec0e081810195f24bc8662ebe09b96a;
[main b9545b4] 自动更新课表
 1 file changed, 1 insertion(+), 1 deletion(-)
PHPSESSID=eddbd3bcfe34f90b7d6bda020711b74bf579890e562081728030ab8f534e1f90;
[main b734e9b] 自动更新课表
 1 file changed, 1 insertion(+), 1 deletion(-)
PHPSESSID=2c6665cce2e0d505f313267118096377e25ad145ebe2e4a510a8f2f89f543513;
[main b84951d] 自动更新课表
 1 file changed, 1 insertion(+), 1 deletion(-)
PHPSESSID=88905006a114f7f6005d6e49578ade6f59755ed299e1430ae9eb3627f27dc281;
[main 54ebddd] 自动更新课表
 1 file changed, 1 insertion(+), 1 deletion(-)
PHPSESSID=da4d5d5ec8906d71a1e6f83b0f52c89bc5fbeb32f6a68a2046ab62aa33668134;
[main 0caf6fa] 自动更新课表
 1 file changed, 1 insertion(+), 1 deletion(-)
PHPSESSID=d2b9b15f638a0842ee4d922edee9474fe8d8eac8680409402ae57d2873849e31;
[main 8a29c27] 自动更新课表
 2 files changed, 12 insertions(+), 13 deletions(-)
PHPSESSID=33280834f674a4d63ecc8c0bcf2da21cdab4b320394f58d8b45dd308acb4b939;
[main 21f36c8] 自动更新课表
 1 file changed, 1 insertion(+), 1 deletion(-)
PHPSESSID=8829c3ef5ddb7953a051f3b82c63572d078294a1814d3cbc027c13556aa29bed;
[main d598d06] 自动更新课表
 1 file changed, 1 insertion(+), 1 deletion(-)
PHPSESSID=6cc880b1a4fa862504df798c766b070132ad7b5874eabbc4d8bb82293fd76e92;
[main 7c3c81e] 自动更新课表
 1 file changed, 1 insertion(+), 1 deletion(-)
PHPSESSID=b26d568e90ffe212c2bfa2dedc4442c56b1b1fff0354381a48d55c4fdb720f92;
[main f4d8972] 自动更新课表
 1 file changed, 1 insertion(+), 1 deletion(-)
PHPSESSID=235967de974735f0171d234509b8c1a1a2663dfd93330fe324c302624d45d11a;
[main 837c474] 自动更新课表
 1 file changed, 1 insertion(+), 1 deletion(-)
PHPSESSID=1546a7d7f472d744bc71d924808dcc8ee7e204d628c5cd586b651e2c659c6a74;
[main 8fb131f] 自动更新课表
 1 file changed, 1 insertion(+), 1 deletion(-)
PHPSESSID=6eebd6a3afc2be2597e3e2852c3551f1b638204ce27cceadc227ac4864d29696;
[main 3399158] 自动更新课表
 1 file changed, 1 insertion(+), 1 deletion(-)
PHPSESSID=2590a08d524f6596e1c0b600090983a1b35e66caca1c5b1607cf34e536fa69f3;
[main 5558386] 自动更新课表
 1 file changed, 1 insertion(+), 1 deletion(-)
PHPSESSID=25aa91ed0b8fb77a311c5768ec8b34c145ef6fbddfde397c1d1f02f1993401ce;
PHPSESSID=9cda4e001a921c085348f36794f1831faed66b0ffd2566bc943eec437431d8d0;
PHPSESSID=35c246d6ecbce49c631c12d4b816826285fcd9029af19f05806c772646f26332;
PHPSESSID=1a58bc1054a002eed248e7c3948ede7376eb7fbee657243ce32024dc645678d8;
PHPSESSID=38de051aecd9a7f87716f7832d90cbae0c1ddc216a26e3c77daed7161fee4207;
PHPSESSID=69587ce7a948ac3de544c2957b7dda405de2f8bf89f0e68ad4c59c2dd3862b02;
PHPSESSID=42a63e36959b64d91ca2d2375222c02ff9b233ef8e5a52baafc54c849a4f4db3;
PHPSESSID=2aa6c986d0f3d281ae06061340151f33b7ccaad298b8c5861d9aa6246967db5e;
PHPSESSID=1a367b2241d86050cbda0d05a565a5be40424562e9a734f76454b92ec0a34b99;
PHPSESSID=9ce6d02adfceeb567a5c6d6cb7c9796bc75010ec82dfc889e4f412f1bbf527e3;
PHPSESSID=7e63bb9819dc6dd964425ef14394613e5b1cd7c4d57aac5e0ee51a9346560177;
PHPSESSID=e9ebca125bd6cd4d13cc7018c24fab2c99424f379b0afadf2ec44d9c0470f0aa;
PHPSESSID=75c3d3eae5055eac05ad8cf82302e74f38db5d4efd4a7ba084fcdff1f2701de0;
PHPSESSID=f5a4135b0841130da6bd6f128b945aab99ad6cb32ee7ccc347e08930780ee26c;
PHPSESSID=0a5fe2b23e29a32a11bfad12b7eb27f45cbca0143b9423c905b434f9d96cf947;
PHPSESSID=a3b78910e1e37bf530b98cf15605efa4364514b8ef2f3477263350d32ab5ab82;
PHPSESSID=5349f74dbe55390e3df99d5a7c67b460e28fe67181e5b722f5e71d36e7811b7e;
PHPSESSID=8f46d38f934327ed904537e2b1b78c250a9694f230ca8be38ffffbc95815ccf7;
PHPSESSID=384fdcc1fb85c734869b977daecb2cbc6b5eefdbb94d4d1042537c7acee77ea9;
PHPSESSID=afd5b7edc39a9377cd863205c341eab480c3efb524217362a28a0c250db7ac7c;
PHPSESSID=a7229aa24283094a89f98fedd0822f171564b35ea625434be00fd23610b78173;
PHPSESSID=4d60f4760afac78be84a55a27d5e3e05282dc2db63ceb7e19459b0c60967a750;
PHPSESSID=e90618f6a8a834d345637b9b03a1f4669889409e32948f43193bcd2a980efefa;
PHPSESSID=b8624a7d2677aa89b7d6e502704f8148e32e61825866db71a17581f3740bbb58;
PHPSESSID=e64ab93596a1aaf611452d1673137676457ff60e1ec8164d62e8045ab40921a4;
PHPSESSID=fe08df41d33f95d45673642052c6bf0513948852d3cd6beaa8ad3d0748ccf958;
PHPSESSID=79893dcfbb3ad67c472ea59ce56309122abefe67b2b1b41be2b720cea59163b6;
PHPSESSID=9eed25b7fda11336949a0d305a6ffdffbe7f4b8318ee93bc76002d895a44685f;
PHPSESSID=6324a026b1e4dde30460689194dcc0f24e3ebec9d63edfc2c4b087eaf0642acb;
PHPSESSID=bffc8f4098da65794e7b63479a6671b838a6cca044d4735c199d3a6ed95366cf;
PHPSESSID=ac346df7fe748fe8c6d58f2c0f52f20506b249a732d0a93c77ec528701ccbbbe;
PHPSESSID=23c685cb5d48db6698f05d026dc57c97eb352d909ab353e01479b255a3485ec7;
PHPSESSID=49cba956083a032a891da91758b24bcecb3e29712b77d99706b1a83907d90692;
PHPSESSID=f341cbc3c050b25c5e808a26ed8db3cb71fa33e3407232779cd4a4197ac23be6;
PHPSESSID=36b3d5cec1e37ccce73c225b3a300abc94945f49f650777f0e0fca91ee8256f3;
PHPSESSID=b70b4d38914a9ef0b12341a1550cefb3a68aa4365777b46ed6105a33c727545b;
PHPSESSID=3efe2deb10e8a4cc6f5e80543b913e4962c50bee7e6528efb58daf127d347902;
PHPSESSID=0e5443968e11fb732c4d12094246d7b22d06a283628fcd48aa50509a7d3b0f28;
PHPSESSID=ddb5b9a127e1b6fdcbcf2c9054ce1d55e3751d20b4a5fc113c88acee02271b95;
PHPSESSID=9142198d60159b1bb94fcd7d5d07c16a08c306f5b03883cb1672e9cb0bfee193;
PHPSESSID=2dd44405ace2c0e0e9514bb38f911fb7342e722a5069cf0aae1f55c6ad48c068;
PHPSESSID=8c6a0c5e80ab1d957f01d3d8b3305fef3625b87300dc9cb361f3dffe386b91bd;
[main 894acbc] 自动更新课表
 2 files changed, 14 insertions(+), 34 deletions(-)
PHPSESSID=5c3999934aa0e3611fff46c2a640099e8c5cd1418559d93081363ca1cd6dc8a6;
PHPSESSID=352273dd2c23ac8ac45552596c69e53c73d6410cd923ae149f6baa48f77fedfe;
PHPSESSID=4ae1d1101e40539519ec71f4934f8b4309ec10d3ade9abc13f3b25c94cf33541;
PHPSESSID=610764c4fe01d0acbebb3825e933442be693dece53a9d5eb1e5b35869999ebb2;
PHPSESSID=afb3ec32125ab866bd46ef944dcbd80f30eabb9ee0380db3a77f1305bf90f64c;
PHPSESSID=8b4efdbde140f018bead04f9977b20d7a3d4253711fd904334c087718e0890af;
PHPSESSID=9d283306d942d48e7262f30ead6d5a14dfad448ab7c86b43bdf0c68cc0e7ae00;
PHPSESSID=2e2c6a3360534efa0de7fc6b37b17b624a7af32728b0ca49f4e3ffb315214589;
PHPSESSID=cb96b867b8946be920afa460a62146254807564d42171e1b2cdd5aac6d10ea4a;
PHPSESSID=433228ba5c497bd60770a2613116ba2eebab45fc250bf22b3e95451c132b8b40;
PHPSESSID=59ccb17bde484bcd0b5370eb15cc39d6c9070ef19115c62c613333752805cfd7;
PHPSESSID=f491d1963af900e038cb865cf934e979d510848746e8630ec44bcbbe2c1fdc7f;
PHPSESSID=c2c92c4fd1e2468cd4f1336f24ae9b4f9686064b5c9e272341302dea60850240;
PHPSESSID=c560aea9487574f7dbc83550f729d166332eef161b07b8f61873cdb81b91d05b;
PHPSESSID=3e9c2a661d8731d048b19efefa709c47fce9ff0c90fde63ebc3c9459a03949a6;
PHPSESSID=d31a0956bd1813817f3e8895182c357265d8147b63a21a3542b90c8795efea18;
PHPSESSID=2ed6ae7693618987afc9354811e7e383cf7f3361e373201d99cc12ba76a88551;
PHPSESSID=35ceca5eea23eeb1f6607deec2e7cb2ef4835e31468e9ce49b1569dd240a0b5d;
PHPSESSID=aea8d7bb31ad68a31dc588676ab3aaf44d153fe3c502cf3b47e903a661718271;
PHPSESSID=d7bf709969758993c03e0347cbfa7897f337ff97f50e5bf70776a1d201a290e0;
PHPSESSID=f71c6a21568f9ebca566097365f97ae263ab40246210ead31052e308f3cae395;
PHPSESSID=c49fc74c40d201b88d11977e3b3f9240ffc879cdd50f53014fe0bde9b9e4096b;
PHPSESSID=4afe4d044570826358e9a5e136b09b83f242c8249c2364a709d1d763072118d1;
PHPSESSID=52f017702e035bc1a752b985038dc83a7e2902c21f13874596bc3b14d4af3fb1;
PHPSESSID=e04cb3c0204a301ac095bc6635005d6247be07a4a45dc4ea5e059ab2c64a7e3e;
PHPSESSID=e169e1176ba994183d80934dc765368d29b62632ca0d494865641f5b7456cb44;
PHPSESSID=fef77c849109f9acac630fda2f2907b2983d1fc8950884e5264d9bb4750fb177;
PHPSESSID=d296f60608711ee59b3b1821247598125919696e6e79cc813b6add2b4bb4f8fc;
PHPSESSID=4b4add1ea66a36efac3286865895b2b59433a4e40f783a5a8ab8bd64befab97c;
PHPSESSID=a277aaf10f9130f1142fc46b83a9bb37d8821f34876fc616c3375979c85034a3;
PHPSESSID=28d2c828424ee85af217feff62a5ba660840a7e71a400246d9dd90ed56ab8e3b;
PHPSESSID=80cee6312977c13461928aa96c8821aea238caf279201eb9d6b1494731a081b7;
PHPSESSID=fc16bbab5e2c54aa3b3b66c4d6bc92de65a95cda9bee1a6a64f772913a856eae;
PHPSESSID=79605eb9dd0b97c8449d8243115dca2a0109f8cba8c232402d4323b297d8e179;
PHPSESSID=f9078a849702db60283fe7a7f42eae1e6e1b82fdc2f8d0c65da5f8e470e1403b;
PHPSESSID=bc868b189a40c99d91b77a5f8aeadb82a8fddbf97d6a89294c14f9a8a71c039f;
PHPSESSID=9b1244a203c4a717b2fdb1ab1438cd013d2008750085103544ab32cd6e78eb3a;
PHPSESSID=619398a6c0a5d11c4c8fbc164d714f93e4314ea0410c3fd524b0d4c87399a4ce;
PHPSESSID=fafc7eeb9c3c811fc1e68f8d88c8e87a6e943f6a9f1b176a34b57f0dfda2dded;
PHPSESSID=5b64afbc28880c5d6c8eba70bb3910eeb8b3301a7eed55d5176dff11f1c4677e;
PHPSESSID=3945c584e09af319915250e09877abbe9475b53753fdebea63c34cfc3a56394f;
PHPSESSID=a9a8acf15fc76604486177d67991c64fddb782c886d30b89c3606269157a126a;
PHPSESSID=54ae0e423ec7a49fe7aca381d32fc20548d8723a7ebaa99147cc37bf7913b29c;
PHPSESSID=4a3bdbb0406f1cc5ae12b5add288e49936e18a0caf620556717624080fab719a;
PHPSESSID=7a4ff006c4a8cfedde14fa66be1ea22c1c031a55d3cd394cf4053596cf302eca;
PHPSESSID=361da4ff6f9e2601e012ba9bf8ead8078c8a077a2cc1bd52715e57bd3dd36fd7;
PHPSESSID=9a946efdae8297102f6c1c321fd9cd755e02a718c70e49d6c3cc6b00d8e1e554;
PHPSESSID=1725b5f10ab9425f7613845d04c9c0e9bbbb597dcf70cb4292801627c4d7d1fe;
PHPSESSID=b3c2a56ed93dcfc73c1e81e6fded6a0e2b9c23c30ba236a3589c3a04fe7ce6d5;
PHPSESSID=be088f147da07343aefeac495ee8c1eb6969009a8d0351af1b3ffb9810185736;
PHPSESSID=bc3e2c54f76fd2b728f296b3fae1df850c1c8af6f9cd1410c6472ce182668c28;
PHPSESSID=26c5077c2c0654c942d910b8188f3f3578e1143c6d5120a7b5dc5ba7983dd7bf;
PHPSESSID=6aef836aa2aba4de96593db8d4ca660e83dc4782cc0d9c99d6cefb3dba2a8b27;
PHPSESSID=cec315e1f89534eb2a5f43dda7ddd1d372c0ea2ad62aabbffb53192fae548c21;
PHPSESSID=ff30bb6e287ee7148ef8437836b959007bf09220573ed6dd134c165d91315ef6;
PHPSESSID=39bbd67cf8e62fcf012929ec6d3f199aac687aef8a86853a8b6719ffd6ac4ff7;
PHPSESSID=5489598870e95f44ad48f1443149b062d1e92b0305677c3e63f5c87aae6bbd0b;
PHPSESSID=af88b2473d150de9f05a432a1caecd651fbf5b954642a2647b27b731ce84254c;
PHPSESSID=f3e7674bc117bea6bfcaccbec774aad7bc06227da114e8820b08367e8100daf3;
PHPSESSID=7efd0460d7e5c1e838f597decb849030523a2d96a4124b7e412ba84d98a246ef;
PHPSESSID=075c0a5a1b180be943efde953644e0f6a3a1f5ece321ed30ececabcc644d2125;
PHPSESSID=bd9dd9d462c6c87b6b570abf12964352329fbcfabe1924252c3b040c738eabaf;
PHPSESSID=8585412801d39dca645be9f0252315b73152d3b8f4eef9c2d8cbeeb91446a2fd;
PHPSESSID=67959265dc393406801c216e01f9abb58a1f37e2215acf9d39e4ffa51cf574b8;
PHPSESSID=08964bfe90c867f022d008c4eff00c423db95544ff5e89d4428f30c8e14dedf3;
PHPSESSID=4972dc5ecda371978b44095eb83facfcda855bb99b558ca2168c7924fb4f1612;
PHPSESSID=096260621fdf30c7d0d22050f41d3f49a996be512e16afce421c0183e158831d;
PHPSESSID=48c1fdcef1b82fc16dd6145db0b225588cd0c5418ac51d8593daef9d9f0bf7c6;
PHPSESSID=a27da542529291724fb1baf8ab10edaa418740d7eb4a25cf732bd112f6199f7f;
PHPSESSID=67d4c13a76bcaddbd936ec243fa65b8c836d2fd83c2d91f0f5c6a3ac7689c422;
PHPSESSID=7c88271f52875a5a759e1319976d3b2b5df58525b9f1c7e73ce4f47d7b68f138;
PHPSESSID=671f8104fcdfe17584efc9728a1f4ab1711a42135e3dce6673f1bf89bb1b984b;
PHPSESSID=88f997c47925b4c60a7267bf4b0ea762a7672aaaf559745bcefeab204d53fe84;
PHPSESSID=1eeceb2931f5c9bb21fb61aee44c0cef1e6a9902ad8413aead42f5b3f7f6f16b;
PHPSESSID=59945a80cc6f1c130273956db7e22442e25845a1a176137bd8981bb943ca27dc;
PHPSESSID=efced36601ae768dcab65c73225a408fb15ee6272c07385254042615dd908bac;
PHPSESSID=bc5764089ed355a3facdef588076b5f538da18dccb947acc5a729ff3a9b34160;
PHPSESSID=f1754168b277b0be057f36d0e9b8be2f935398b100682b0d0410de88abd3dada;
PHPSESSID=09c5e48f853e71be4f249453a74fa8b93aef204e800c1ba924d01d1b50989012;
PHPSESSID=33e894074e3b45d8c947c2a1f072593911b2cba077e4c4cab2e80c6b0bb78d92;
PHPSESSID=73ef314faf8b51bbc0d46e2910faaf45d62c4b1a6d79d203cda024673a1093a2;
PHPSESSID=35fc316bd3d6c4e5d1c0f550042e275309904567691b6296fb15593aa6e0f3f4;
PHPSESSID=e2b9d5b82c25c15b05f0f5486be7b65f5a8cbb033ffd40a170d90f28f34053a6;
PHPSESSID=d1390235d8b0f24e73041b05d67db49789cdf9538c6f703cd4b4f98429c1c7a3;
PHPSESSID=51959653aa389b5fc3dc7bc19fa1871be247e8789340709ef5760e938a511606;
[main aef1235] 自动更新课表
 2 files changed, 17 insertions(+), 17 deletions(-)
PHPSESSID=ad1377c5e5e05071efc697015db1d312ee9a3d74e638507056d9544e33897a0f;
PHPSESSID=baa3996e9fb00b917799275430378a4e898ac0da77fea820746a761f8421cb69;
PHPSESSID=9ed4eb1e24f811cae23da44a3bf06f0a8ab1dfd5f8a095fb94a9e9f329bbac5d;
PHPSESSID=94c6b11a477833f511d2cece928e50074e0ea20fb6403fb358a7d277bd30b2cf;
PHPSESSID=2af6e37079578abcd4f6107b504374147c24225dc46cacc64a84fc4118ee9e70;
PHPSESSID=e534ec1d3e92fad71da0543cfb60d6fc1a5a0c0e77ddd8be79f15b8c241713ee;
PHPSESSID=29d1e79d1b35212f643285896b7f994372748468e98fcfe617b2e83bdd6f8354;
PHPSESSID=10170288fc2e79931b2344b87e40e50c458a7faa07287e46c106c1c6b03af529;
PHPSESSID=9cedf0026f5dab563c47dbe9e9e28dff6ade0d890165cd20f92c6940cdcacf5f;
PHPSESSID=d839998628c23afd56495db7b4c5d537727a1d127f67e9f5a0eb80fd7cfcac16;
PHPSESSID=073ed9ddcda0226ae68bca49106a465d39a668af1aa06ca12c2283d20d30c8d4;
PHPSESSID=f38d2137af033354cb970e2f619fb502bea45578898f0929f45c5e8d3ad70c13;
PHPSESSID=97b3c978ca8af9a8797d7143cc853c5c7582c3368ee4dc04e3dd0eb4faf41467;
PHPSESSID=73ef73716126b22e0897e9d741d91e8edebf3f3c9353b34604afedda4109d6a4;
PHPSESSID=71afbabe3ae56de6fac3e1f70d44cced64581ffcdf9e2d7aa909133f95fc75fb;
PHPSESSID=9759001eb10f45d674efa787b2c32782126fcd1483e3bb35c6ea1b3cd7639969;
PHPSESSID=709a67c2eb2ea8885ce70fbe4704d16ed987292cd06acb7c8bb01dd011f318b5;
PHPSESSID=bd975bcb23c0ea5afbe52beacb8d03e5684092efb7d416b460b4114afa76f102;
PHPSESSID=37dd481936cc616bb8e4931c5dfc03ff7a071d287e1df7f387e04f3e0c140c44;
PHPSESSID=f67f4d01236bc887b4dfae5bf2890cf5e7321af5e502d2ba963166a51b843500;
PHPSESSID=c6f2fb3fb43452de3a2366de08011bfe7493e9a3567bd7fa053742d73e0283cd;
PHPSESSID=b0f6317a1bd18a2be1ae5aca9ef3db66876ff0c17990cb6f684c1a3c5cc76957;
PHPSESSID=2c64a5551435e46ef192d377f206532a6f3dc4beed1bf5dd61dd476aadecef2c;
PHPSESSID=8f100cb8a63d303591b889dce33afe5fa63a8a383a3a59ecfe204cbea8b46297;
PHPSESSID=fcef0d0930f4ddb86fcab952e606b369d15ffd9307c047047911c83668811881;
PHPSESSID=a622e372dd84d3cf5e27897f5147ebea5408981ef4dc0339294c94f614cfc1ac;
[main 4036410] 自动更新课表
 1 file changed, 1 insertion(+), 1 deletion(-)
PHPSESSID=659074d4544936b291371d167bc8b34136a2fc44ed3fd8477873571d0a5839dc;
PHPSESSID=cfbc112414cf31e67f422a5f8e0abdb4685041707c4b847271e0c9cf12a21877;
PHPSESSID=dba8ba28d1e2cd45b8561b1a97d5786c57bdb940a0c2f60744166e50b6d55c00;
PHPSESSID=0dd92e215b25656ce67f655a987ee5e516fce542edb9643a0fd05d8d9c8b9599;
PHPSESSID=ea78472c394bea32ef5183c8e4441506826f77c1dc0050e755743731388edf36;
PHPSESSID=3427348a91baa5c8091cd8139adc15512e51a3f45dcd3fa97ebe48380203b47c;
PHPSESSID=1da84c6544c646b7973063ae30707fb10ca0eb2d661905c80f4e94647bdebd3c;
PHPSESSID=f3c7a60c2113ab102754190d41725963c002ccf246610b2cad1534217c65bec1;
PHPSESSID=5edcf35c7a317b47097945628498d89d2433dbb761c330876b93cbccc1c734dd;
PHPSESSID=21eef2c373e226b55f01f7433ee12de11df6d4c990403c3e78c4fef80c0d0b1b;
[main 9cb9f20] 自动更新课表
 1 file changed, 1 insertion(+), 1 deletion(-)
PHPSESSID=d4e744835703ab70231f1b899a7dd30f97deee3ebeaa87fe1f149f3dae83c387;
[main 204b72b] 自动更新课表
 1 file changed, 1 insertion(+), 1 deletion(-)
